Start testing: Feb 21 16:24 EST
----------------------------------------------------------
1/1 Testing: suite_1_test
1/1 Test: suite_1_test
Command: "/home/oldchicken/Desktop/c-homework/test/suite_1/suite_1_app"
Directory: /home/oldchicken/Desktop/c-homework/test/suite_1
"suite_1_test" start time: Feb 21 16:24 EST
Output:
----------------------------------------------------------
test/suite_1/test_db.c:76:test_open_1:PASS
No such file exist.
test/suite_1/test_db.c:77:test_open_2:PASS
ID already exists
ID already exists
ID already exists
ID already exists
test/suite_1/test_db.c:78:test_insert_1:PASS
Insert successfully.
Insert successfully.
ID already exists
Insert successfully.
Insert successfully.
ID already exists
test/suite_1/test_db.c:79:test_insert_2:PASS
ID is found.
ID is found.
ID is found.
ID is found.
ID is not found in the database.
test/suite_1/test_db.c:80:test_find_1:PASS
ID is deleted
ID is deleted
ID is deleted
ID is deleted
test/suite_1/test_db.c:81:test_delete_1:PASS

-----------------------
6 Tests 0 Failures 0 Ignored 
OK
<end of output>
Test time =   0.00 sec
----------------------------------------------------------
Test Passed.
"suite_1_test" end time: Feb 21 16:24 EST
"suite_1_test" time elapsed: 00:00:00
----------------------------------------------------------

End testing: Feb 21 16:24 EST
